
*** Running vivado
    with args -log MIPS_CPU_TOP.vds -m64 -product Vivado -mode batch -messageDb vivado.pb -notrace -source MIPS_CPU_TOP.tcl



****** Vivado v2021.1 (64-bit)
  **** SW Build 3247384 on Thu Jun 10 19:36:33 MDT 2021
  **** IP Build 3246043 on Fri Jun 11 00:30:35 MDT 2021
    ** Copyright 1986-2021 Xilinx, Inc. All Rights Reserved.

source MIPS_CPU_TOP.tcl -notrace
Command: synth_design -top MIPS_CPU_TOP -part xc7a35tfgg484-1
Starting synth_design
Attempting to get a license for feature 'Synthesis' and/or device 'xc7a35t'
INFO: [Common 17-349] Got license for feature 'Synthesis' and/or device 'xc7a35t'
INFO: [Device 21-403] Loading part xc7a35tfgg484-1
INFO: [Synth 8-7079] Multithreading enabled for synth_design using a maximum of 2 processes.
INFO: [Synth 8-7078] Launching helper process for spawning children vivado processes
INFO: [Synth 8-7075] Helper process launched with PID 1840
---------------------------------------------------------------------------------
Starting RTL Elaboration : Time (s): cpu = 00:00:03 ; elapsed = 00:00:04 . Memory (MB): peak = 1232.836 ; gain = 0.000
---------------------------------------------------------------------------------
INFO: [Synth 8-6157] synthesizing module 'MIPS_CPU_TOP' [D:/Long_Teng/Long_Teng/MIPS_CPU/MIPS_CPU.srcs/sources_1/new/MIPS_CPU_TOP.v:23]
INFO: [Synth 8-6157] synthesizing module 'ID_Controller' [D:/Long_Teng/Long_Teng/MIPS_CPU/MIPS_CPU.srcs/sources_1/new/ID_Controller.v:23]
INFO: [Synth 8-6157] synthesizing module 'Instruction_write_table' [D:/Long_Teng/Long_Teng/MIPS_CPU/MIPS_CPU.srcs/sources_1/new/Instruction_write_table.v:23]
INFO: [Synth 8-6155] done synthesizing module 'Instruction_write_table' (1#1) [D:/Long_Teng/Long_Teng/MIPS_CPU/MIPS_CPU.srcs/sources_1/new/Instruction_write_table.v:23]
INFO: [Synth 8-6155] done synthesizing module 'ID_Controller' (2#1) [D:/Long_Teng/Long_Teng/MIPS_CPU/MIPS_CPU.srcs/sources_1/new/ID_Controller.v:23]
WARNING: [Synth 8-7071] port 'Sel_WB_data_out' of module 'ID_Controller' is unconnected for instance 'IDc' [D:/Long_Teng/Long_Teng/MIPS_CPU/MIPS_CPU.srcs/sources_1/new/MIPS_CPU_TOP.v:93]
WARNING: [Synth 8-7071] port 'InteruptEna' of module 'ID_Controller' is unconnected for instance 'IDc' [D:/Long_Teng/Long_Teng/MIPS_CPU/MIPS_CPU.srcs/sources_1/new/MIPS_CPU_TOP.v:93]
WARNING: [Synth 8-7023] instance 'IDc' of module 'ID_Controller' has 31 connections declared, but only 29 given [D:/Long_Teng/Long_Teng/MIPS_CPU/MIPS_CPU.srcs/sources_1/new/MIPS_CPU_TOP.v:93]
INFO: [Synth 8-6157] synthesizing module 'CP0' [D:/Long_Teng/Long_Teng/MIPS_CPU/MIPS_CPU.srcs/sources_1/new/CP0.v:23]
INFO: [Synth 8-6155] done synthesizing module 'CP0' (3#1) [D:/Long_Teng/Long_Teng/MIPS_CPU/MIPS_CPU.srcs/sources_1/new/CP0.v:23]
WARNING: [Synth 8-7071] port 'time_clock' of module 'CP0' is unconnected for instance 'cp0' [D:/Long_Teng/Long_Teng/MIPS_CPU/MIPS_CPU.srcs/sources_1/new/MIPS_CPU_TOP.v:97]
WARNING: [Synth 8-7023] instance 'cp0' of module 'CP0' has 13 connections declared, but only 12 given [D:/Long_Teng/Long_Teng/MIPS_CPU/MIPS_CPU.srcs/sources_1/new/MIPS_CPU_TOP.v:97]
INFO: [Synth 8-6157] synthesizing module 'Instruction_fetch' [D:/Long_Teng/Long_Teng/MIPS_CPU/MIPS_CPU.srcs/sources_1/new/Instruction_fetch.v:23]
INFO: [Synth 8-6155] done synthesizing module 'Instruction_fetch' (4#1) [D:/Long_Teng/Long_Teng/MIPS_CPU/MIPS_CPU.srcs/sources_1/new/Instruction_fetch.v:23]
INFO: [Synth 8-6157] synthesizing module 'InstructionMemory' [D:/Long_Teng/Long_Teng/MIPS_CPU/MIPS_CPU.srcs/sources_1/new/InstructionMemory.v:23]
INFO: [Synth 8-6155] done synthesizing module 'InstructionMemory' (5#1) [D:/Long_Teng/Long_Teng/MIPS_CPU/MIPS_CPU.srcs/sources_1/new/InstructionMemory.v:23]
INFO: [Synth 8-6157] synthesizing module 'IF_ID_registers' [D:/Long_Teng/Long_Teng/MIPS_CPU/MIPS_CPU.srcs/sources_1/new/IF_ID_registers.v:2]
INFO: [Synth 8-6155] done synthesizing module 'IF_ID_registers' (6#1) [D:/Long_Teng/Long_Teng/MIPS_CPU/MIPS_CPU.srcs/sources_1/new/IF_ID_registers.v:2]
INFO: [Synth 8-6157] synthesizing module 'InstructionDecoder' [D:/Long_Teng/Long_Teng/MIPS_CPU/MIPS_CPU.srcs/sources_1/new/Instruction_Decode.v:27]
INFO: [Synth 8-6155] done synthesizing module 'InstructionDecoder' (7#1) [D:/Long_Teng/Long_Teng/MIPS_CPU/MIPS_CPU.srcs/sources_1/new/Instruction_Decode.v:27]
INFO: [Synth 8-6157] synthesizing module 'PC_next_add4' [D:/Long_Teng/Long_Teng/MIPS_CPU/MIPS_CPU.srcs/sources_1/new/PC_next_4.v:23]
INFO: [Synth 8-6155] done synthesizing module 'PC_next_add4' (8#1) [D:/Long_Teng/Long_Teng/MIPS_CPU/MIPS_CPU.srcs/sources_1/new/PC_next_4.v:23]
INFO: [Synth 8-6157] synthesizing module 'Register_wirte_address_selection' [D:/Long_Teng/Long_Teng/MIPS_CPU/MIPS_CPU.srcs/sources_1/new/Register_wirte_address_selection.v:23]
INFO: [Synth 8-6155] done synthesizing module 'Register_wirte_address_selection' (9#1) [D:/Long_Teng/Long_Teng/MIPS_CPU/MIPS_CPU.srcs/sources_1/new/Register_wirte_address_selection.v:23]
INFO: [Synth 8-6157] synthesizing module 'Immediate_dealing' [D:/Long_Teng/Long_Teng/MIPS_CPU/MIPS_CPU.srcs/sources_1/new/Immediate_dealing.v:23]
INFO: [Synth 8-226] default block is never used [D:/Long_Teng/Long_Teng/MIPS_CPU/MIPS_CPU.srcs/sources_1/new/Immediate_dealing.v:35]
INFO: [Synth 8-6155] done synthesizing module 'Immediate_dealing' (10#1) [D:/Long_Teng/Long_Teng/MIPS_CPU/MIPS_CPU.srcs/sources_1/new/Immediate_dealing.v:23]
INFO: [Synth 8-6157] synthesizing module 'Register_File' [D:/Long_Teng/Long_Teng/MIPS_CPU/MIPS_CPU.srcs/sources_1/new/Register_File.v:23]
INFO: [Synth 8-3876] $readmem data file 'REGfile_init.list' is read successfully [D:/Long_Teng/Long_Teng/MIPS_CPU/MIPS_CPU.srcs/sources_1/new/Register_File.v:48]
INFO: [Synth 8-6155] done synthesizing module 'Register_File' (11#1) [D:/Long_Teng/Long_Teng/MIPS_CPU/MIPS_CPU.srcs/sources_1/new/Register_File.v:23]
INFO: [Synth 8-6157] synthesizing module 'ID_EXE_var_convert' [D:/Long_Teng/Long_Teng/MIPS_CPU/MIPS_CPU.srcs/sources_1/new/ID_EXE_var_convert.v:23]
INFO: [Synth 8-6155] done synthesizing module 'ID_EXE_var_convert' (12#1) [D:/Long_Teng/Long_Teng/MIPS_CPU/MIPS_CPU.srcs/sources_1/new/ID_EXE_var_convert.v:23]
INFO: [Synth 8-6157] synthesizing module 'ID_EXE_registers' [D:/Long_Teng/Long_Teng/MIPS_CPU/MIPS_CPU.srcs/sources_1/new/ID_EXE_registers.v:23]
INFO: [Synth 8-155] case statement is not full and has no default [D:/Long_Teng/Long_Teng/MIPS_CPU/MIPS_CPU.srcs/sources_1/new/ID_EXE_registers.v:102]
INFO: [Synth 8-6155] done synthesizing module 'ID_EXE_registers' (13#1) [D:/Long_Teng/Long_Teng/MIPS_CPU/MIPS_CPU.srcs/sources_1/new/ID_EXE_registers.v:23]
INFO: [Synth 8-6157] synthesizing module 'ALU_input_selection' [D:/Long_Teng/Long_Teng/MIPS_CPU/MIPS_CPU.srcs/sources_1/new/ALU_input_selection.v:23]
INFO: [Synth 8-6155] done synthesizing module 'ALU_input_selection' (14#1) [D:/Long_Teng/Long_Teng/MIPS_CPU/MIPS_CPU.srcs/sources_1/new/ALU_input_selection.v:23]
INFO: [Synth 8-6157] synthesizing module 'ALU_module' [D:/Long_Teng/Long_Teng/MIPS_CPU/MIPS_CPU.srcs/sources_1/new/ALU_module.v:23]
INFO: [Synth 8-6155] done synthesizing module 'ALU_module' (15#1) [D:/Long_Teng/Long_Teng/MIPS_CPU/MIPS_CPU.srcs/sources_1/new/ALU_module.v:23]
INFO: [Synth 8-6157] synthesizing module 'ALU_Flag_Handler' [D:/Long_Teng/Long_Teng/MIPS_CPU/MIPS_CPU.srcs/sources_1/new/ALU_Flag_Handler.v:23]
INFO: [Synth 8-6155] done synthesizing module 'ALU_Flag_Handler' (16#1) [D:/Long_Teng/Long_Teng/MIPS_CPU/MIPS_CPU.srcs/sources_1/new/ALU_Flag_Handler.v:23]
INFO: [Synth 8-6157] synthesizing module 'EXCEPTION_Handler' [D:/Long_Teng/Long_Teng/MIPS_CPU/MIPS_CPU.srcs/sources_1/new/EXCEPTION_Handler.v:23]
INFO: [Synth 8-6155] done synthesizing module 'EXCEPTION_Handler' (17#1) [D:/Long_Teng/Long_Teng/MIPS_CPU/MIPS_CPU.srcs/sources_1/new/EXCEPTION_Handler.v:23]
INFO: [Synth 8-6157] synthesizing module 'EXE_MEM_var_convert' [D:/Long_Teng/Long_Teng/MIPS_CPU/MIPS_CPU.srcs/sources_1/new/EXE_MEM_var_convert.v:23]
INFO: [Synth 8-6155] done synthesizing module 'EXE_MEM_var_convert' (18#1) [D:/Long_Teng/Long_Teng/MIPS_CPU/MIPS_CPU.srcs/sources_1/new/EXE_MEM_var_convert.v:23]
INFO: [Synth 8-6157] synthesizing module 'EXE_MEM_registers' [D:/Long_Teng/Long_Teng/MIPS_CPU/MIPS_CPU.srcs/sources_1/new/EXE_MEM_registers.v:2]
INFO: [Synth 8-155] case statement is not full and has no default [D:/Long_Teng/Long_Teng/MIPS_CPU/MIPS_CPU.srcs/sources_1/new/EXE_MEM_registers.v:101]
INFO: [Synth 8-6155] done synthesizing module 'EXE_MEM_registers' (19#1) [D:/Long_Teng/Long_Teng/MIPS_CPU/MIPS_CPU.srcs/sources_1/new/EXE_MEM_registers.v:2]
INFO: [Synth 8-6157] synthesizing module 'Datamemory_addr_translater' [D:/Long_Teng/Long_Teng/MIPS_CPU/MIPS_CPU.srcs/sources_1/new/Datamemory_addr_translater.v:23]
INFO: [Synth 8-6155] done synthesizing module 'Datamemory_addr_translater' (20#1) [D:/Long_Teng/Long_Teng/MIPS_CPU/MIPS_CPU.srcs/sources_1/new/Datamemory_addr_translater.v:23]
INFO: [Synth 8-6157] synthesizing module 'DataMem_dataselection' [D:/Long_Teng/Long_Teng/MIPS_CPU/MIPS_CPU.srcs/sources_1/new/DataMem_dataselection.v:23]
INFO: [Synth 8-6155] done synthesizing module 'DataMem_dataselection' (21#1) [D:/Long_Teng/Long_Teng/MIPS_CPU/MIPS_CPU.srcs/sources_1/new/DataMem_dataselection.v:23]
INFO: [Synth 8-6157] synthesizing module 'IO_cache' [D:/Long_Teng/Long_Teng/MIPS_CPU/MIPS_CPU.srcs/sources_1/new/IO_cache.v:23]
INFO: [Synth 8-6155] done synthesizing module 'IO_cache' (22#1) [D:/Long_Teng/Long_Teng/MIPS_CPU/MIPS_CPU.srcs/sources_1/new/IO_cache.v:23]
INFO: [Synth 8-6157] synthesizing module 'DataMemoryFile' [D:/Long_Teng/Long_Teng/MIPS_CPU/MIPS_CPU.srcs/sources_1/new/DataMemoryFile.v:23]
INFO: [Synth 8-226] default block is never used [D:/Long_Teng/Long_Teng/MIPS_CPU/MIPS_CPU.srcs/sources_1/new/DataMemoryFile.v:56]
INFO: [Synth 8-6155] done synthesizing module 'DataMemoryFile' (23#1) [D:/Long_Teng/Long_Teng/MIPS_CPU/MIPS_CPU.srcs/sources_1/new/DataMemoryFile.v:23]
INFO: [Synth 8-6157] synthesizing module 'MEM_WB_var_converter' [D:/Long_Teng/Long_Teng/MIPS_CPU/MIPS_CPU.srcs/sources_1/new/MEM_WB_var_converter.v:23]
INFO: [Synth 8-6155] done synthesizing module 'MEM_WB_var_converter' (24#1) [D:/Long_Teng/Long_Teng/MIPS_CPU/MIPS_CPU.srcs/sources_1/new/MEM_WB_var_converter.v:23]
INFO: [Synth 8-6157] synthesizing module 'MEM_WB_registers' [D:/Long_Teng/Long_Teng/MIPS_CPU/MIPS_CPU.srcs/sources_1/new/MEM_WB_registers.v:2]
INFO: [Synth 8-155] case statement is not full and has no default [D:/Long_Teng/Long_Teng/MIPS_CPU/MIPS_CPU.srcs/sources_1/new/MEM_WB_registers.v:92]
INFO: [Synth 8-6155] done synthesizing module 'MEM_WB_registers' (25#1) [D:/Long_Teng/Long_Teng/MIPS_CPU/MIPS_CPU.srcs/sources_1/new/MEM_WB_registers.v:2]
INFO: [Synth 8-6157] synthesizing module 'writeback_data_selection' [D:/Long_Teng/Long_Teng/MIPS_CPU/MIPS_CPU.srcs/sources_1/new/writeback_data_selection.v:23]
INFO: [Synth 8-6155] done synthesizing module 'writeback_data_selection' (26#1) [D:/Long_Teng/Long_Teng/MIPS_CPU/MIPS_CPU.srcs/sources_1/new/writeback_data_selection.v:23]
INFO: [Synth 8-6155] done synthesizing module 'MIPS_CPU_TOP' (27#1) [D:/Long_Teng/Long_Teng/MIPS_CPU/MIPS_CPU.srcs/sources_1/new/MIPS_CPU_TOP.v:23]
---------------------------------------------------------------------------------
Finished RTL Elaboration : Time (s): cpu = 00:02:56 ; elapsed = 00:02:57 . Memory (MB): peak = 2739.137 ; gain = 1506.301
---------------------------------------------------------------------------------
---------------------------------------------------------------------------------
Start Handling Custom Attributes
---------------------------------------------------------------------------------
---------------------------------------------------------------------------------
Finished Handling Custom Attributes : Time (s): cpu = 00:02:59 ; elapsed = 00:03:01 . Memory (MB): peak = 2739.137 ; gain = 1506.301
---------------------------------------------------------------------------------
---------------------------------------------------------------------------------
Finished RTL Optimization Phase 1 : Time (s): cpu = 00:02:59 ; elapsed = 00:03:01 . Memory (MB): peak = 2739.137 ; gain = 1506.301
---------------------------------------------------------------------------------
Netlist sorting complete. Time (s): cpu = 00:00:02 ; elapsed = 00:00:01 . Memory (MB): peak = 2739.137 ; gain = 0.000
INFO: [Project 1-570] Preparing netlist for logic optimization

Processing XDC Constraints
Initializing timing engine
Parsing XDC File [D:/Long_Teng/Long_Teng/MIPS_CPU/MIPS_CPU.srcs/constrs_1/new/test.xdc]
Finished Parsing XDC File [D:/Long_Teng/Long_Teng/MIPS_CPU/MIPS_CPU.srcs/constrs_1/new/test.xdc]
Completed Processing XDC Constraints

Netlist sorting complete. Time (s): cpu = 00:00:00 ; elapsed = 00:00:00.014 . Memory (MB): peak = 2739.137 ; gain = 0.000
INFO: [Project 1-111] Unisim Transformation Summary:
No Unisim elements were transformed.

Constraint Validation Runtime : Time (s): cpu = 00:00:01 ; elapsed = 00:00:00.656 . Memory (MB): peak = 2739.137 ; gain = 0.000
---------------------------------------------------------------------------------
Finished Constraint Validation : Time (s): cpu = 00:03:19 ; elapsed = 00:03:20 . Memory (MB): peak = 2739.137 ; gain = 1506.301
---------------------------------------------------------------------------------
---------------------------------------------------------------------------------
Start Loading Part and Timing Information
---------------------------------------------------------------------------------
Loading part: xc7a35tfgg484-1
---------------------------------------------------------------------------------
Finished Loading Part and Timing Information : Time (s): cpu = 00:03:19 ; elapsed = 00:03:20 . Memory (MB): peak = 2739.137 ; gain = 1506.301
---------------------------------------------------------------------------------
WARNING: [Synth 8-327] inferring latch for variable 'Reg_CP0_reg[14]' [D:/Long_Teng/Long_Teng/MIPS_CPU/MIPS_CPU.srcs/sources_1/new/CP0.v:68]
WARNING: [Synth 8-327] inferring latch for variable 'Reg_CP0_reg[12]' [D:/Long_Teng/Long_Teng/MIPS_CPU/MIPS_CPU.srcs/sources_1/new/CP0.v:51]
WARNING: [Synth 8-327] inferring latch for variable 'PC_inter_present_reg' [D:/Long_Teng/Long_Teng/MIPS_CPU/MIPS_CPU.srcs/sources_1/new/Instruction_fetch.v:45]
WARNING: [Synth 8-327] inferring latch for variable 'sign_reg' [D:/Long_Teng/Long_Teng/MIPS_CPU/MIPS_CPU.srcs/sources_1/new/ALU_module.v:74]
---------------------------------------------------------------------------------
Finished RTL Optimization Phase 2 : Time (s): cpu = 00:03:41 ; elapsed = 00:03:45 . Memory (MB): peak = 2739.137 ; gain = 1506.301
---------------------------------------------------------------------------------
---------------------------------------------------------------------------------
Start RTL Component Statistics 
---------------------------------------------------------------------------------
Detailed RTL Component Info : 
+---Adders : 
	   2 Input   33 Bit       Adders := 1     
	   3 Input   33 Bit       Adders := 1     
	   2 Input   32 Bit       Adders := 5     
	   3 Input   32 Bit       Adders := 1     
+---XORs : 
	   2 Input     32 Bit         XORs := 1     
+---Registers : 
	               32 Bit    Registers := 1078  
	                8 Bit    Registers := 6     
	                6 Bit    Registers := 8     
	                5 Bit    Registers := 22    
	                4 Bit    Registers := 1     
	                3 Bit    Registers := 8     
	                1 Bit    Registers := 14    
+---Multipliers : 
	              32x32  Multipliers := 1     
+---Muxes : 
	   2 Input   32 Bit        Muxes := 95    
	   4 Input   32 Bit        Muxes := 17    
	   3 Input   32 Bit        Muxes := 31    
	  18 Input   32 Bit        Muxes := 1     
	  11 Input   32 Bit        Muxes := 1     
	   2 Input   30 Bit        Muxes := 1     
	   7 Input    9 Bit        Muxes := 1     
	   4 Input    8 Bit        Muxes := 6     
	   2 Input    8 Bit        Muxes := 29    
	  15 Input    8 Bit        Muxes := 1     
	  22 Input    8 Bit        Muxes := 1     
	   2 Input    7 Bit        Muxes := 1     
	   2 Input    6 Bit        Muxes := 2     
	   6 Input    6 Bit        Muxes := 1     
	   4 Input    6 Bit        Muxes := 8     
	   2 Input    5 Bit        Muxes := 36    
	   4 Input    5 Bit        Muxes := 14    
	  16 Input    5 Bit        Muxes := 2     
	   9 Input    4 Bit        Muxes := 1     
	   4 Input    4 Bit        Muxes := 1     
	  18 Input    4 Bit        Muxes := 1     
	   4 Input    3 Bit        Muxes := 9     
	   3 Input    3 Bit        Muxes := 4     
	  12 Input    3 Bit        Muxes := 1     
	   2 Input    3 Bit        Muxes := 13    
	  10 Input    3 Bit        Muxes := 1     
	   5 Input    3 Bit        Muxes := 1     
	  36 Input    2 Bit        Muxes := 6     
	  12 Input    2 Bit        Muxes := 1     
	  20 Input    2 Bit        Muxes := 1     
	   2 Input    2 Bit        Muxes := 8     
	   4 Input    2 Bit        Muxes := 2     
	   8 Input    2 Bit        Muxes := 2     
	   3 Input    1 Bit        Muxes := 1055  
	   2 Input    1 Bit        Muxes := 1123  
	  19 Input    1 Bit        Muxes := 1     
	   4 Input    1 Bit        Muxes := 21    
	  18 Input    1 Bit        Muxes := 2     
---------------------------------------------------------------------------------
Finished RTL Component Statistics 
---------------------------------------------------------------------------------
---------------------------------------------------------------------------------
Start Part Resource Summary
---------------------------------------------------------------------------------
Part Resources:
DSPs: 90 (col length:60)
BRAMs: 100 (col length: RAMB18 60 RAMB36 30)
---------------------------------------------------------------------------------
Finished Part Resource Summary
---------------------------------------------------------------------------------
---------------------------------------------------------------------------------
Start Cross Boundary and Area Optimization
---------------------------------------------------------------------------------
INFO: [Synth 8-5587] ROM size for "p_0_out" is below threshold of ROM address width. It will be mapped to LUTs
INFO: [Synth 8-5845] Not enough pipeline registers after wide multiplier. Recommended levels of pipeline registers is 4 [D:/Long_Teng/Long_Teng/MIPS_CPU/MIPS_CPU.srcs/sources_1/new/ALU_module.v:82]
INFO: [Synth 8-5587] ROM size for "p_0_out" is below threshold of ROM address width. It will be mapped to LUTs
DSP Report: Generating DSP outputR0, operation Mode is: A*B.
DSP Report: operator outputR0 is absorbed into DSP outputR0.
DSP Report: operator outputR0 is absorbed into DSP outputR0.
DSP Report: Generating DSP outputR0, operation Mode is: (PCIN>>17)+A*B.
DSP Report: operator outputR0 is absorbed into DSP outputR0.
DSP Report: operator outputR0 is absorbed into DSP outputR0.
DSP Report: Generating DSP outputR0, operation Mode is: A*B.
DSP Report: operator outputR0 is absorbed into DSP outputR0.
DSP Report: operator outputR0 is absorbed into DSP outputR0.
DSP Report: Generating DSP outputR0, operation Mode is: (PCIN>>17)+A*B.
DSP Report: operator outputR0 is absorbed into DSP outputR0.
DSP Report: operator outputR0 is absorbed into DSP outputR0.
WARNING: [Synth 8-3917] design MIPS_CPU_TOP__GCB1 has port P_address[31] driven by constant 0
WARNING: [Synth 8-3917] design MIPS_CPU_TOP__GCB1 has port P_address[30] driven by constant 0
WARNING: [Synth 8-3917] design MIPS_CPU_TOP__GCB1 has port P_address[29] driven by constant 0
WARNING: [Synth 8-3917] design MIPS_CPU_TOP__GCB1 has port P_address[28] driven by constant 0
WARNING: [Synth 8-3917] design MIPS_CPU_TOP__GCB1 has port P_address[27] driven by constant 0
WARNING: [Synth 8-3917] design MIPS_CPU_TOP__GCB1 has port P_address[26] driven by constant 0
WARNING: [Synth 8-3917] design MIPS_CPU_TOP__GCB1 has port P_address[25] driven by constant 0
WARNING: [Synth 8-3917] design MIPS_CPU_TOP__GCB1 has port P_address[24] driven by constant 0
WARNING: [Synth 8-3917] design MIPS_CPU_TOP__GCB1 has port P_address[23] driven by constant 0
WARNING: [Synth 8-3917] design MIPS_CPU_TOP__GCB1 has port P_address[22] driven by constant 0
WARNING: [Synth 8-3917] design MIPS_CPU_TOP__GCB1 has port P_address[21] driven by constant 0
WARNING: [Synth 8-3917] design MIPS_CPU_TOP__GCB1 has port P_address[20] driven by constant 0
WARNING: [Synth 8-3917] design MIPS_CPU_TOP__GCB1 has port P_address[19] driven by constant 0
WARNING: [Synth 8-3917] design MIPS_CPU_TOP__GCB1 has port P_address[18] driven by constant 0
WARNING: [Synth 8-3917] design MIPS_CPU_TOP__GCB1 has port P_address[17] driven by constant 0
WARNING: [Synth 8-3917] design MIPS_CPU_TOP__GCB1 has port P_address[16] driven by constant 0
WARNING: [Synth 8-7129] Port alu_flag[7] in module writeback_data_selection is either unconnected or has no load
WARNING: [Synth 8-7129] Port alu_flag[6] in module writeback_data_selection is either unconnected or has no load
WARNING: [Synth 8-7129] Port alu_flag[5] in module writeback_data_selection is either unconnected or has no load
WARNING: [Synth 8-7129] Port alu_flag[4] in module writeback_data_selection is either unconnected or has no load
WARNING: [Synth 8-7129] Port alu_flag[3] in module writeback_data_selection is either unconnected or has no load
WARNING: [Synth 8-7129] Port alu_flag[1] in module writeback_data_selection is either unconnected or has no load
WARNING: [Synth 8-7129] Port alu_flag[0] in module writeback_data_selection is either unconnected or has no load
WARNING: [Synth 8-7129] Port rt[4] in module ALU_module is either unconnected or has no load
WARNING: [Synth 8-7129] Port rt[3] in module ALU_module is either unconnected or has no load
WARNING: [Synth 8-7129] Port rt[2] in module ALU_module is either unconnected or has no load
WARNING: [Synth 8-7129] Port rt[1] in module ALU_module is either unconnected or has no load
WARNING: [Synth 8-7129] Port instr_index[25] in module Immediate_dealing is either unconnected or has no load
WARNING: [Synth 8-7129] Port instr_index[24] in module Immediate_dealing is either unconnected or has no load
WARNING: [Synth 8-7129] Port reset in module ID_Controller is either unconnected or has no load
WARNING: [Synth 8-7129] Port Aluaebflag in module ID_Controller is either unconnected or has no load
WARNING: [Synth 8-7129] Port IntegerOverflowflag in module ID_Controller is either unconnected or has no load
WARNING: [Synth 8-7129] Port Exception_busy[7] in module ID_Controller is either unconnected or has no load
WARNING: [Synth 8-7129] Port Exception_busy[6] in module ID_Controller is either unconnected or has no load
WARNING: [Synth 8-7129] Port Exception_busy[5] in module ID_Controller is either unconnected or has no load
WARNING: [Synth 8-7129] Port Exception_busy[4] in module ID_Controller is either unconnected or has no load
WARNING: [Synth 8-7129] Port Exception_busy[3] in module ID_Controller is either unconnected or has no load
WARNING: [Synth 8-7129] Port Exception_busy[2] in module ID_Controller is either unconnected or has no load
WARNING: [Synth 8-7129] Port Exception_busy[1] in module ID_Controller is either unconnected or has no load
WARNING: [Synth 8-7129] Port Exception_busy[0] in module ID_Controller is either unconnected or has no load
WARNING: [Synth 8-7129] Port instr_index[31] in module Instruction_fetch is either unconnected or has no load
WARNING: [Synth 8-7129] Port instr_index[30] in module Instruction_fetch is either unconnected or has no load
WARNING: [Synth 8-7129] Port instr_index[29] in module Instruction_fetch is either unconnected or has no load
WARNING: [Synth 8-7129] Port instr_index[28] in module Instruction_fetch is either unconnected or has no load
WARNING: [Synth 8-7129] Port return_pc[31] in module Instruction_fetch is either unconnected or has no load
WARNING: [Synth 8-7129] Port return_pc[30] in module Instruction_fetch is either unconnected or has no load
WARNING: [Synth 8-7129] Port return_pc[29] in module Instruction_fetch is either unconnected or has no load
WARNING: [Synth 8-7129] Port return_pc[28] in module Instruction_fetch is either unconnected or has no load
WARNING: [Synth 8-7129] Port return_pc[27] in module Instruction_fetch is either unconnected or has no load
WARNING: [Synth 8-7129] Port return_pc[26] in module Instruction_fetch is either unconnected or has no load
WARNING: [Synth 8-7129] Port return_pc[25] in module Instruction_fetch is either unconnected or has no load
WARNING: [Synth 8-7129] Port return_pc[24] in module Instruction_fetch is either unconnected or has no load
WARNING: [Synth 8-7129] Port return_pc[23] in module Instruction_fetch is either unconnected or has no load
WARNING: [Synth 8-7129] Port return_pc[22] in module Instruction_fetch is either unconnected or has no load
WARNING: [Synth 8-7129] Port return_pc[21] in module Instruction_fetch is either unconnected or has no load
WARNING: [Synth 8-7129] Port return_pc[20] in module Instruction_fetch is either unconnected or has no load
WARNING: [Synth 8-7129] Port return_pc[19] in module Instruction_fetch is either unconnected or has no load
WARNING: [Synth 8-7129] Port return_pc[18] in module Instruction_fetch is either unconnected or has no load
WARNING: [Synth 8-7129] Port return_pc[17] in module Instruction_fetch is either unconnected or has no load
WARNING: [Synth 8-7129] Port return_pc[16] in module Instruction_fetch is either unconnected or has no load
WARNING: [Synth 8-7129] Port return_pc[15] in module Instruction_fetch is either unconnected or has no load
WARNING: [Synth 8-7129] Port return_pc[14] in module Instruction_fetch is either unconnected or has no load
WARNING: [Synth 8-7129] Port return_pc[13] in module Instruction_fetch is either unconnected or has no load
WARNING: [Synth 8-7129] Port return_pc[12] in module Instruction_fetch is either unconnected or has no load
WARNING: [Synth 8-7129] Port return_pc[11] in module Instruction_fetch is either unconnected or has no load
WARNING: [Synth 8-7129] Port return_pc[10] in module Instruction_fetch is either unconnected or has no load
WARNING: [Synth 8-7129] Port return_pc[9] in module Instruction_fetch is either unconnected or has no load
WARNING: [Synth 8-7129] Port return_pc[8] in module Instruction_fetch is either unconnected or has no load
WARNING: [Synth 8-7129] Port return_pc[7] in module Instruction_fetch is either unconnected or has no load
WARNING: [Synth 8-7129] Port return_pc[6] in module Instruction_fetch is either unconnected or has no load
WARNING: [Synth 8-7129] Port return_pc[5] in module Instruction_fetch is either unconnected or has no load
WARNING: [Synth 8-7129] Port return_pc[4] in module Instruction_fetch is either unconnected or has no load
WARNING: [Synth 8-7129] Port return_pc[3] in module Instruction_fetch is either unconnected or has no load
WARNING: [Synth 8-7129] Port return_pc[2] in module Instruction_fetch is either unconnected or has no load
WARNING: [Synth 8-7129] Port return_pc[1] in module Instruction_fetch is either unconnected or has no load
WARNING: [Synth 8-7129] Port return_pc[0] in module Instruction_fetch is either unconnected or has no load
INFO: [Synth 8-3886] merging instance 'IDc/iwt/instruction_write_reg_index_reg[0][0]' (FD) to 'IDc/iwt/instruction_write_reg_index_reg[2][2]'
INFO: [Synth 8-3886] merging instance 'IDc/iwt/instruction_write_reg_index_reg[1][0]' (FD) to 'IDc/iwt/instruction_write_reg_index_reg[2][2]'
INFO: [Synth 8-3886] merging instance 'IDc/iwt/instruction_write_reg_index_reg[28][0]' (FD) to 'IDc/iwt/instruction_write_reg_index_reg[2][1]'
INFO: [Synth 8-3886] merging instance 'IDc/iwt/instruction_write_reg_index_reg[2][0]' (FD) to 'IDc/iwt/instruction_write_reg_index_reg[2][2]'
INFO: [Synth 8-3886] merging instance 'RF/Register_Pile_reg[0][0]' (FDE_1) to 'RF/Register_Pile_reg[0][31]'
INFO: [Synth 8-3886] merging instance 'RF/Register_Pile_reg[0][1]' (FDE_1) to 'RF/Register_Pile_reg[0][31]'
INFO: [Synth 8-3886] merging instance 'RF/Register_Pile_reg[0][2]' (FDE_1) to 'RF/Register_Pile_reg[0][31]'
INFO: [Synth 8-3886] merging instance 'RF/Register_Pile_reg[0][3]' (FDE_1) to 'RF/Register_Pile_reg[0][31]'
INFO: [Synth 8-3886] merging instance 'RF/Register_Pile_reg[0][4]' (FDE_1) to 'RF/Register_Pile_reg[0][31]'
INFO: [Synth 8-3886] merging instance 'RF/Register_Pile_reg[0][5]' (FDE_1) to 'RF/Register_Pile_reg[0][31]'
INFO: [Synth 8-3886] merging instance 'RF/Register_Pile_reg[0][6]' (FDE_1) to 'RF/Register_Pile_reg[0][31]'
INFO: [Synth 8-3886] merging instance 'RF/Register_Pile_reg[0][7]' (FDE_1) to 'RF/Register_Pile_reg[0][31]'
INFO: [Synth 8-3886] merging instance 'RF/Register_Pile_reg[0][8]' (FDE_1) to 'RF/Register_Pile_reg[0][31]'
INFO: [Synth 8-3886] merging instance 'RF/Register_Pile_reg[0][9]' (FDE_1) to 'RF/Register_Pile_reg[0][31]'
INFO: [Synth 8-3886] merging instance 'RF/Register_Pile_reg[0][10]' (FDE_1) to 'RF/Register_Pile_reg[0][31]'
INFO: [Synth 8-3886] merging instance 'RF/Register_Pile_reg[0][11]' (FDE_1) to 'RF/Register_Pile_reg[0][31]'
INFO: [Synth 8-3886] merging instance 'RF/Register_Pile_reg[0][12]' (FDE_1) to 'RF/Register_Pile_reg[0][31]'
INFO: [Synth 8-3886] merging instance 'RF/Register_Pile_reg[0][13]' (FDE_1) to 'RF/Register_Pile_reg[0][31]'
INFO: [Synth 8-3886] merging instance 'RF/Register_Pile_reg[0][14]' (FDE_1) to 'RF/Register_Pile_reg[0][31]'
INFO: [Synth 8-3886] merging instance 'RF/Register_Pile_reg[0][15]' (FDE_1) to 'RF/Register_Pile_reg[0][31]'
INFO: [Synth 8-3886] merging instance 'RF/Register_Pile_reg[0][16]' (FDE_1) to 'RF/Register_Pile_reg[0][31]'
INFO: [Synth 8-3886] merging instance 'RF/Register_Pile_reg[0][17]' (FDE_1) to 'RF/Register_Pile_reg[0][31]'
INFO: [Synth 8-3886] merging instance 'RF/Register_Pile_reg[0][18]' (FDE_1) to 'RF/Register_Pile_reg[0][31]'
INFO: [Synth 8-3886] merging instance 'RF/Register_Pile_reg[0][19]' (FDE_1) to 'RF/Register_Pile_reg[0][31]'
INFO: [Synth 8-3886] merging instance 'RF/Register_Pile_reg[0][20]' (FDE_1) to 'RF/Register_Pile_reg[0][31]'
INFO: [Synth 8-3886] merging instance 'RF/Register_Pile_reg[0][21]' (FDE_1) to 'RF/Register_Pile_reg[0][31]'
INFO: [Synth 8-3886] merging instance 'RF/Register_Pile_reg[0][22]' (FDE_1) to 'RF/Register_Pile_reg[0][31]'
INFO: [Synth 8-3886] merging instance 'RF/Register_Pile_reg[0][23]' (FDE_1) to 'RF/Register_Pile_reg[0][31]'
INFO: [Synth 8-3886] merging instance 'RF/Register_Pile_reg[0][24]' (FDE_1) to 'RF/Register_Pile_reg[0][31]'
INFO: [Synth 8-3886] merging instance 'RF/Register_Pile_reg[0][25]' (FDE_1) to 'RF/Register_Pile_reg[0][31]'
INFO: [Synth 8-3886] merging instance 'RF/Register_Pile_reg[0][26]' (FDE_1) to 'RF/Register_Pile_reg[0][31]'
INFO: [Synth 8-3886] merging instance 'RF/Register_Pile_reg[0][27]' (FDE_1) to 'RF/Register_Pile_reg[0][31]'
INFO: [Synth 8-3886] merging instance 'RF/Register_Pile_reg[0][28]' (FDE_1) to 'RF/Register_Pile_reg[0][31]'
INFO: [Synth 8-3886] merging instance 'RF/Register_Pile_reg[0][29]' (FDE_1) to 'RF/Register_Pile_reg[0][31]'
INFO: [Synth 8-3886] merging instance 'RF/Register_Pile_reg[0][30]' (FDE_1) to 'RF/Register_Pile_reg[0][31]'
INFO: [Synth 8-3886] merging instance 'idexe/Imm_inter_reg[31]' (FDCE) to 'idexe/Imm_inter_reg[30]'
INFO: [Synth 8-3886] merging instance 'idexe/Imm_inter_reg[26]' (FDCE) to 'idexe/Imm_inter_reg[27]'
INFO: [Synth 8-3886] merging instance 'idexe/Imm_inter_reg[27]' (FDCE) to 'idexe/Imm_inter_reg[28]'
INFO: [Synth 8-3886] merging instance 'idexe/Imm_inter_reg[28]' (FDCE) to 'idexe/Imm_inter_reg[29]'
INFO: [Synth 8-3333] propagating constant 0 across sequential element (RF/\Register_Pile_reg[0][31] )
INFO: [Synth 8-3886] merging instance 'IDc/iwt/instruction_write_reg_index_reg[0][1]' (FD) to 'IDc/iwt/instruction_write_reg_index_reg[2][2]'
INFO: [Synth 8-3886] merging instance 'IDc/iwt/instruction_write_reg_index_reg[1][1]' (FD) to 'IDc/iwt/instruction_write_reg_index_reg[2][2]'
INFO: [Synth 8-3886] merging instance 'IDc/iwt/instruction_write_reg_index_reg[2][1]' (FD) to 'IDc/iwt/instruction_write_reg_index_reg[1][2]'
INFO: [Synth 8-3886] merging instance 'IDc/iwt/instruction_write_reg_index_reg[28][1]' (FD) to 'IDc/iwt/instruction_write_reg_index_reg[2][2]'
INFO: [Synth 8-3886] merging instance 'IDc/iwt/instruction_write_reg_index_reg[0][2]' (FD) to 'IDc/iwt/instruction_write_reg_index_reg[2][2]'
INFO: [Synth 8-3333] propagating constant 1 across sequential element (IDc/\iwt/instruction_write_reg_index_reg[1][2] )
INFO: [Synth 8-3886] merging instance 'IDc/iwt/instruction_write_reg_index_reg[2][2]' (FD) to 'IDc/iwt/instruction_write_reg_index_reg[28][2]'
INFO: [Synth 8-3333] propagating constant 0 across sequential element (IDc/\iwt/instruction_write_reg_index_reg[28][2] )
INFO: [Synth 8-3886] merging instance 'IDc/state_ID_reg[7]' (FDC) to 'IDc/state_ID_reg[6]'
INFO: [Synth 8-3333] propagating constant 0 across sequential element (IDc/\state_ID_reg[6] )
INFO: [Synth 8-3886] merging instance 'cp0/Reg_CP0_reg[4][1]' (FDC) to 'cp0/Reg_CP0_reg[4][2]'
INFO: [Synth 8-3886] merging instance 'cp0/Reg_CP0_reg[4][2]' (FDC) to 'cp0/Reg_CP0_reg[4][3]'
INFO: [Synth 8-3886] merging instance 'cp0/Reg_CP0_reg[4][3]' (FDC) to 'cp0/Reg_CP0_reg[4][4]'
INFO: [Synth 8-3886] merging instance 'cp0/Reg_CP0_reg[4][4]' (FDC) to 'cp0/Reg_CP0_reg[4][5]'
INFO: [Synth 8-3886] merging instance 'cp0/Reg_CP0_reg[4][5]' (FDC) to 'cp0/Reg_CP0_reg[4][6]'
INFO: [Synth 8-3886] merging instance 'cp0/Reg_CP0_reg[4][6]' (FDC) to 'cp0/Reg_CP0_reg[4][7]'
INFO: [Synth 8-3886] merging instance 'cp0/Reg_CP0_reg[4][7]' (FDC) to 'cp0/Reg_CP0_reg[4][8]'
INFO: [Synth 8-3886] merging instance 'cp0/Reg_CP0_reg[4][8]' (FDC) to 'cp0/Reg_CP0_reg[4][9]'
INFO: [Synth 8-3886] merging instance 'cp0/Reg_CP0_reg[4][9]' (FDC) to 'cp0/Reg_CP0_reg[4][10]'
INFO: [Synth 8-3886] merging instance 'cp0/Reg_CP0_reg[4][10]' (FDC) to 'cp0/Reg_CP0_reg[4][11]'
INFO: [Synth 8-3886] merging instance 'cp0/Reg_CP0_reg[4][11]' (FDC) to 'cp0/Reg_CP0_reg[4][12]'
INFO: [Synth 8-3886] merging instance 'cp0/Reg_CP0_reg[4][12]' (FDC) to 'cp0/Reg_CP0_reg[4][13]'
INFO: [Synth 8-3886] merging instance 'cp0/Reg_CP0_reg[4][13]' (FDC) to 'cp0/Reg_CP0_reg[4][14]'
INFO: [Synth 8-3886] merging instance 'cp0/Reg_CP0_reg[4][14]' (FDC) to 'cp0/Reg_CP0_reg[4][15]'
INFO: [Synth 8-3886] merging instance 'cp0/Reg_CP0_reg[4][15]' (FDC) to 'cp0/Reg_CP0_reg[4][16]'
INFO: [Synth 8-3886] merging instance 'cp0/Reg_CP0_reg[4][16]' (FDC) to 'cp0/Reg_CP0_reg[4][17]'
INFO: [Synth 8-3886] merging instance 'cp0/Reg_CP0_reg[4][17]' (FDC) to 'cp0/Reg_CP0_reg[4][18]'
INFO: [Synth 8-3886] merging instance 'cp0/Reg_CP0_reg[4][18]' (FDC) to 'cp0/Reg_CP0_reg[4][19]'
INFO: [Synth 8-3886] merging instance 'cp0/Reg_CP0_reg[4][19]' (FDC) to 'cp0/Reg_CP0_reg[4][20]'
INFO: [Synth 8-3886] merging instance 'cp0/Reg_CP0_reg[4][20]' (FDC) to 'cp0/Reg_CP0_reg[4][21]'
INFO: [Synth 8-3886] merging instance 'cp0/Reg_CP0_reg[4][21]' (FDC) to 'cp0/Reg_CP0_reg[4][22]'
INFO: [Synth 8-3886] merging instance 'cp0/Reg_CP0_reg[4][22]' (FDC) to 'cp0/Reg_CP0_reg[4][23]'
INFO: [Synth 8-3886] merging instance 'cp0/Reg_CP0_reg[4][23]' (FDC) to 'cp0/Reg_CP0_reg[4][24]'
INFO: [Synth 8-3886] merging instance 'cp0/Reg_CP0_reg[4][24]' (FDC) to 'cp0/Reg_CP0_reg[4][25]'
INFO: [Synth 8-3886] merging instance 'cp0/Reg_CP0_reg[4][25]' (FDC) to 'cp0/Reg_CP0_reg[4][26]'
INFO: [Synth 8-3886] merging instance 'cp0/Reg_CP0_reg[4][26]' (FDC) to 'cp0/Reg_CP0_reg[4][27]'
INFO: [Synth 8-3886] merging instance 'cp0/Reg_CP0_reg[4][27]' (FDC) to 'cp0/Reg_CP0_reg[4][28]'
INFO: [Synth 8-3886] merging instance 'cp0/Reg_CP0_reg[4][28]' (FDC) to 'cp0/Reg_CP0_reg[4][29]'
INFO: [Synth 8-3886] merging instance 'cp0/Reg_CP0_reg[4][29]' (FDC) to 'cp0/Reg_CP0_reg[4][30]'
INFO: [Synth 8-3886] merging instance 'cp0/Reg_CP0_reg[4][30]' (FDC) to 'cp0/Reg_CP0_reg[4][31]'
INFO: [Synth 8-3333] propagating constant 0 across sequential element (cp0/\Reg_CP0_reg[4][31] )
INFO: [Synth 8-3886] merging instance 'idexe/mdata_sel_inter_reg[2]' (FDCE) to 'idexe/data_rw_ena_inter_reg[0]'
INFO: [Synth 8-3886] merging instance 'idexe/data_rw_ena_inter_reg[0]' (FDCE) to 'idexe/data_rw_ena_inter_reg[1]'
INFO: [Synth 8-3886] merging instance 'idexe/data_rw_ena_inter_reg[1]' (FDCE) to 'idexe/data_rw_ena_inter_reg[2]'
INFO: [Synth 8-3333] propagating constant 0 across sequential element (idexe/\data_rw_ena_inter_reg[2] )
INFO: [Synth 8-3886] merging instance 'cp0/EI_entry_reg[2][0]' (FD) to 'cp0/EI_entry_reg[1][31]'
INFO: [Synth 8-3886] merging instance 'cp0/EI_entry_reg[1][0]' (FD) to 'cp0/EI_entry_reg[1][31]'
INFO: [Synth 8-3886] merging instance 'cp0/EI_entry_reg[2][1]' (FD) to 'cp0/EI_entry_reg[1][31]'
INFO: [Synth 8-3886] merging instance 'cp0/EI_entry_reg[1][1]' (FD) to 'cp0/EI_entry_reg[1][31]'
INFO: [Synth 8-3886] merging instance 'cp0/EI_entry_reg[2][2]' (FD) to 'cp0/EI_entry_reg[1][31]'
INFO: [Synth 8-3886] merging instance 'cp0/EI_entry_reg[1][2]' (FD) to 'cp0/EI_entry_reg[1][31]'
INFO: [Synth 8-3886] merging instance 'cp0/EI_entry_reg[2][3]' (FD) to 'cp0/EI_entry_reg[1][31]'
INFO: [Synth 8-3886] merging instance 'cp0/EI_entry_reg[1][3]' (FD) to 'cp0/EI_entry_reg[1][31]'
INFO: [Synth 8-3886] merging instance 'cp0/EI_entry_reg[2][4]' (FD) to 'cp0/EI_entry_reg[1][11]'
INFO: [Synth 8-3886] merging instance 'cp0/EI_entry_reg[1][4]' (FD) to 'cp0/EI_entry_reg[1][31]'
INFO: [Synth 8-3886] merging instance 'cp0/EI_entry_reg[2][5]' (FD) to 'cp0/EI_entry_reg[1][31]'
INFO: [Synth 8-3886] merging instance 'cp0/EI_entry_reg[1][5]' (FD) to 'cp0/EI_entry_reg[1][11]'
INFO: [Synth 8-3886] merging instance 'cp0/EI_entry_reg[2][6]' (FD) to 'cp0/EI_entry_reg[1][11]'
INFO: [Synth 8-3886] merging instance 'cp0/EI_entry_reg[1][6]' (FD) to 'cp0/EI_entry_reg[1][31]'
INFO: [Synth 8-3886] merging instance 'cp0/EI_entry_reg[2][7]' (FD) to 'cp0/EI_entry_reg[1][11]'
INFO: [Synth 8-3886] merging instance 'cp0/EI_entry_reg[1][7]' (FD) to 'cp0/EI_entry_reg[1][11]'
INFO: [Synth 8-3886] merging instance 'cp0/EI_entry_reg[2][8]' (FD) to 'cp0/EI_entry_reg[1][11]'
INFO: [Synth 8-3886] merging instance 'cp0/EI_entry_reg[1][8]' (FD) to 'cp0/EI_entry_reg[1][11]'
INFO: [Synth 8-3886] merging instance 'cp0/EI_entry_reg[2][9]' (FD) to 'cp0/EI_entry_reg[1][11]'
INFO: [Synth 8-3886] merging instance 'cp0/EI_entry_reg[1][9]' (FD) to 'cp0/EI_entry_reg[1][11]'
INFO: [Synth 8-3886] merging instance 'cp0/EI_entry_reg[2][10]' (FD) to 'cp0/EI_entry_reg[1][11]'
INFO: [Common 17-14] Message 'Synth 8-3886' appears 100 times and further instances of the messages will be disabled. Use the Tcl command set_msg_config to change the current settings.
INFO: [Common 17-14] Message 'Synth 8-3886' appears 100 times and further instances of the messages will be disabled. Use the Tcl command set_msg_config to change the current settings.
INFO: [Synth 8-3333] propagating constant 1 across sequential element (cp0/\EI_entry_reg[1][11] )
INFO: [Synth 8-3333] propagating constant 0 across sequential element (cp0/\EI_entry_reg[1][31] )
INFO: [Synth 8-3333] propagating constant 0 across sequential element (cp0/\Reg_CP0_reg[12][4] )
INFO: [Synth 8-3333] propagating constant 0 across sequential element (IDc/\state_reg[4] )
INFO: [Synth 8-3333] propagating constant 0 across sequential element (IDc/\state_EXE_reg[6] )
INFO: [Synth 8-3333] propagating constant 0 across sequential element (exemem/\data_rw_ena_inter_reg[2] )
INFO: [Synth 8-3333] propagating constant 0 across sequential element (IDc/\state_MEM_reg[6] )
INFO: [Synth 8-3333] propagating constant 0 across sequential element (IDc/\state_WB_reg[6] )
WARNING: [Synth 8-3332] Sequential element (Reg_CP0_reg[14][31]) is unused and will be removed from module CP0.
WARNING: [Synth 8-3332] Sequential element (Reg_CP0_reg[14][30]) is unused and will be removed from module CP0.
WARNING: [Synth 8-3332] Sequential element (Reg_CP0_reg[14][29]) is unused and will be removed from module CP0.
WARNING: [Synth 8-3332] Sequential element (Reg_CP0_reg[14][28]) is unused and will be removed from module CP0.
WARNING: [Synth 8-3332] Sequential element (Reg_CP0_reg[14][27]) is unused and will be removed from module CP0.
WARNING: [Synth 8-3332] Sequential element (Reg_CP0_reg[14][26]) is unused and will be removed from module CP0.
WARNING: [Synth 8-3332] Sequential element (Reg_CP0_reg[14][25]) is unused and will be removed from module CP0.
WARNING: [Synth 8-3332] Sequential element (Reg_CP0_reg[14][24]) is unused and will be removed from module CP0.
WARNING: [Synth 8-3332] Sequential element (Reg_CP0_reg[14][23]) is unused and will be removed from module CP0.
WARNING: [Synth 8-3332] Sequential element (Reg_CP0_reg[14][22]) is unused and will be removed from module CP0.
WARNING: [Synth 8-3332] Sequential element (Reg_CP0_reg[14][21]) is unused and will be removed from module CP0.
WARNING: [Synth 8-3332] Sequential element (Reg_CP0_reg[14][20]) is unused and will be removed from module CP0.
WARNING: [Synth 8-3332] Sequential element (Reg_CP0_reg[14][19]) is unused and will be removed from module CP0.
WARNING: [Synth 8-3332] Sequential element (Reg_CP0_reg[14][18]) is unused and will be removed from module CP0.
WARNING: [Synth 8-3332] Sequential element (Reg_CP0_reg[14][17]) is unused and will be removed from module CP0.
WARNING: [Synth 8-3332] Sequential element (Reg_CP0_reg[14][16]) is unused and will be removed from module CP0.
WARNING: [Synth 8-3332] Sequential element (Reg_CP0_reg[14][15]) is unused and will be removed from module CP0.
WARNING: [Synth 8-3332] Sequential element (Reg_CP0_reg[14][14]) is unused and will be removed from module CP0.
WARNING: [Synth 8-3332] Sequential element (Reg_CP0_reg[14][13]) is unused and will be removed from module CP0.
WARNING: [Synth 8-3332] Sequential element (Reg_CP0_reg[14][12]) is unused and will be removed from module CP0.
WARNING: [Synth 8-3332] Sequential element (Reg_CP0_reg[14][11]) is unused and will be removed from module CP0.
WARNING: [Synth 8-3332] Sequential element (Reg_CP0_reg[14][10]) is unused and will be removed from module CP0.
WARNING: [Synth 8-3332] Sequential element (Reg_CP0_reg[14][9]) is unused and will be removed from module CP0.
WARNING: [Synth 8-3332] Sequential element (Reg_CP0_reg[14][8]) is unused and will be removed from module CP0.
WARNING: [Synth 8-3332] Sequential element (Reg_CP0_reg[14][7]) is unused and will be removed from module CP0.
WARNING: [Synth 8-3332] Sequential element (Reg_CP0_reg[14][6]) is unused and will be removed from module CP0.
WARNING: [Synth 8-3332] Sequential element (Reg_CP0_reg[14][5]) is unused and will be removed from module CP0.
WARNING: [Synth 8-3332] Sequential element (Reg_CP0_reg[14][4]) is unused and will be removed from module CP0.
WARNING: [Synth 8-3332] Sequential element (Reg_CP0_reg[14][3]) is unused and will be removed from module CP0.
WARNING: [Synth 8-3332] Sequential element (Reg_CP0_reg[14][2]) is unused and will be removed from module CP0.
WARNING: [Synth 8-3332] Sequential element (Reg_CP0_reg[14][1]) is unused and will be removed from module CP0.
WARNING: [Synth 8-3332] Sequential element (Reg_CP0_reg[14][0]) is unused and will be removed from module CP0.
WARNING: [Synth 8-3332] Sequential element (Reg_CP0_reg[12][31]) is unused and will be removed from module CP0.
WARNING: [Synth 8-3332] Sequential element (Reg_CP0_reg[12][30]) is unused and will be removed from module CP0.
WARNING: [Synth 8-3332] Sequential element (Reg_CP0_reg[12][29]) is unused and will be removed from module CP0.
WARNING: [Synth 8-3332] Sequential element (Reg_CP0_reg[12][28]) is unused and will be removed from module CP0.
WARNING: [Synth 8-3332] Sequential element (Reg_CP0_reg[12][27]) is unused and will be removed from module CP0.
WARNING: [Synth 8-3332] Sequential element (Reg_CP0_reg[12][26]) is unused and will be removed from module CP0.
WARNING: [Synth 8-3332] Sequential element (Reg_CP0_reg[12][25]) is unused and will be removed from module CP0.
WARNING: [Synth 8-3332] Sequential element (Reg_CP0_reg[12][24]) is unused and will be removed from module CP0.
WARNING: [Synth 8-3332] Sequential element (Reg_CP0_reg[12][23]) is unused and will be removed from module CP0.
WARNING: [Synth 8-3332] Sequential element (Reg_CP0_reg[12][22]) is unused and will be removed from module CP0.
WARNING: [Synth 8-3332] Sequential element (Reg_CP0_reg[12][21]) is unused and will be removed from module CP0.
WARNING: [Synth 8-3332] Sequential element (Reg_CP0_reg[12][20]) is unused and will be removed from module CP0.
WARNING: [Synth 8-3332] Sequential element (Reg_CP0_reg[12][19]) is unused and will be removed from module CP0.
WARNING: [Synth 8-3332] Sequential element (Reg_CP0_reg[12][18]) is unused and will be removed from module CP0.
WARNING: [Synth 8-3332] Sequential element (Reg_CP0_reg[12][17]) is unused and will be removed from module CP0.
WARNING: [Synth 8-3332] Sequential element (Reg_CP0_reg[12][16]) is unused and will be removed from module CP0.
WARNING: [Synth 8-3332] Sequential element (Reg_CP0_reg[12][15]) is unused and will be removed from module CP0.
WARNING: [Synth 8-3332] Sequential element (Reg_CP0_reg[12][14]) is unused and will be removed from module CP0.
WARNING: [Synth 8-3332] Sequential element (Reg_CP0_reg[12][13]) is unused and will be removed from module CP0.
WARNING: [Synth 8-3332] Sequential element (Reg_CP0_reg[12][12]) is unused and will be removed from module CP0.
WARNING: [Synth 8-3332] Sequential element (Reg_CP0_reg[12][11]) is unused and will be removed from module CP0.
WARNING: [Synth 8-3332] Sequential element (Reg_CP0_reg[12][10]) is unused and will be removed from module CP0.
WARNING: [Synth 8-3332] Sequential element (Reg_CP0_reg[12][9]) is unused and will be removed from module CP0.
WARNING: [Synth 8-3332] Sequential element (Reg_CP0_reg[12][7]) is unused and will be removed from module CP0.
WARNING: [Synth 8-3332] Sequential element (Reg_CP0_reg[12][6]) is unused and will be removed from module CP0.
WARNING: [Synth 8-3332] Sequential element (Reg_CP0_reg[12][5]) is unused and will be removed from module CP0.
WARNING: [Synth 8-3332] Sequential element (Reg_CP0_reg[12][4]) is unused and will be removed from module CP0.
WARNING: [Synth 8-3332] Sequential element (sign_reg[7]) is unused and will be removed from module ALU_module.
WARNING: [Synth 8-3332] Sequential element (sign_reg[6]) is unused and will be removed from module ALU_module.
WARNING: [Synth 8-3332] Sequential element (sign_reg[5]) is unused and will be removed from module ALU_module.
WARNING: [Synth 8-3332] Sequential element (sign_reg[4]) is unused and will be removed from module ALU_module.
WARNING: [Synth 8-3332] Sequential element (sign_reg[3]) is unused and will be removed from module ALU_module.
WARNING: [Synth 8-3332] Sequential element (sign_reg[2]) is unused and will be removed from module ALU_module.
WARNING: [Synth 8-3332] Sequential element (sign_reg[1]) is unused and will be removed from module ALU_module.
---------------------------------------------------------------------------------
Finished Cross Boundary and Area Optimization : Time (s): cpu = 00:04:15 ; elapsed = 00:04:21 . Memory (MB): peak = 2739.137 ; gain = 1506.301
---------------------------------------------------------------------------------
---------------------------------------------------------------------------------
Start ROM, RAM, DSP, Shift Register and Retiming Reporting
---------------------------------------------------------------------------------

DSP: Preliminary Mapping Report (see note below)
+------------+----------------+--------+--------+--------+--------+--------+------+------+------+------+-------+------+------+
|Module Name | DSP Mapping    | A Size | B Size | C Size | D Size | P Size | AREG | BREG | CREG | DREG | ADREG | MREG | PREG | 
+------------+----------------+--------+--------+--------+--------+--------+------+------+------+------+-------+------+------+
|ALU_module  | A*B            | 18     | 16     | -      | -      | 48     | 0    | 0    | -    | -    | -     | 0    | 0    | 
|ALU_module  | (PCIN>>17)+A*B | 16     | 16     | -      | -      | 48     | 0    | 0    | -    | -    | -     | 0    | 0    | 
|ALU_module  | A*B            | 18     | 18     | -      | -      | 48     | 0    | 0    | -    | -    | -     | 0    | 0    | 
|ALU_module  | (PCIN>>17)+A*B | 18     | 16     | -      | -      | 48     | 0    | 0    | -    | -    | -     | 0    | 0    | 
+------------+----------------+--------+--------+--------+--------+--------+------+------+------+------+-------+------+------+

Note: The table above is a preliminary report that shows the DSPs inferred at the current stage of the synthesis flow. Some DSP may be reimplemented as non DSP primitives later in the synthesis flow. Multiple instantiated DSPs are reported only once.
---------------------------------------------------------------------------------
Finished ROM, RAM, DSP, Shift Register and Retiming Reporting
---------------------------------------------------------------------------------
---------------------------------------------------------------------------------
Start Applying XDC Timing Constraints
---------------------------------------------------------------------------------
---------------------------------------------------------------------------------
Finished Applying XDC Timing Constraints : Time (s): cpu = 00:04:25 ; elapsed = 00:04:30 . Memory (MB): peak = 2739.137 ; gain = 1506.301
---------------------------------------------------------------------------------
---------------------------------------------------------------------------------
Start Timing Optimization
---------------------------------------------------------------------------------
