xilinx rtfpga
INFO: [Synth 8-5587] ROM size for "p_0_out" is below threshold of ROM address width. It will be mapped to LUTs
INFO: [Synth 8-5845] Not enough pipeline registers after wide multiplier. Recommended levels of pipeline registers is 4 [D:/Long_Teng/Long_Teng/MIPS_CPU/MIPS_CPU.srcs/sources_1/new/ALU_module.v:89]
INFO: [Synth 8-5587] ROM size for "p_0_out" is below threshold of ROM address width. It will be mapped to LUTs
DSP Report: Generating DSP outputR0, operation Mode is: A*B.
DSP Report: operator outputR0 is absorbed into DSP outputR0.
DSP Report: operator outputR0 is absorbed into DSP outputR0.
DSP Report: Generating DSP outputR0, operation Mode is: (PCIN>>17)+A*B.
DSP Report: operator outputR0 is absorbed into DSP outputR0.
DSP Report: operator outputR0 is absorbed into DSP outputR0.
DSP Report: Generating DSP outputR0, operation Mode is: A*B.
DSP Report: operator outputR0 is absorbed into DSP outputR0.
DSP Report: operator outputR0 is absorbed into DSP outputR0.
DSP Report: Generating DSP outputR0, operation Mode is: (PCIN>>17)+A*B.
DSP Report: operator outputR0 is absorbed into DSP outputR0.
DSP Report: operator outputR0 is absorbed into DSP outputR0.
WARNING: [Synth 8-3917] design MIPS_CPU_TOP__GCB1 has port P_address[31] driven by constant 0
WARNING: [Synth 8-3917] design MIPS_CPU_TOP__GCB1 has port P_address[30] driven by constant 0
WARNING: [Synth 8-3917] design MIPS_CPU_TOP__GCB1 has port P_address[29] driven by constant 0
WARNING: [Synth 8-3917] design MIPS_CPU_TOP__GCB1 has port P_address[28] driven by constant 0
WARNING: [Synth 8-3917] design MIPS_CPU_TOP__GCB1 has port P_address[27] driven by constant 0
WARNING: [Synth 8-3917] design MIPS_CPU_TOP__GCB1 has port P_address[26] driven by constant 0
WARNING: [Synth 8-3917] design MIPS_CPU_TOP__GCB1 has port P_address[25] driven by constant 0
WARNING: [Synth 8-3917] design MIPS_CPU_TOP__GCB1 has port P_address[24] driven by constant 0
WARNING: [Synth 8-3917] design MIPS_CPU_TOP__GCB1 has port P_address[23] driven by constant 0
WARNING: [Synth 8-3917] design MIPS_CPU_TOP__GCB1 has port P_address[22] driven by constant 0
WARNING: [Synth 8-3917] design MIPS_CPU_TOP__GCB1 has port P_address[21] driven by constant 0
WARNING: [Synth 8-3917] design MIPS_CPU_TOP__GCB1 has port P_address[20] driven by constant 0
WARNING: [Synth 8-3917] design MIPS_CPU_TOP__GCB1 has port P_address[19] driven by constant 0
WARNING: [Synth 8-3917] design MIPS_CPU_TOP__GCB1 has port P_address[18] driven by constant 0
WARNING: [Synth 8-3917] design MIPS_CPU_TOP__GCB1 has port P_address[17] driven by constant 0
WARNING: [Synth 8-3917] design MIPS_CPU_TOP__GCB1 has port P_address[16] driven by constant 0
WARNING: [Synth 8-3917] design MIPS_CPU_TOP__GCB1 has port Device_ena[31] driven by constant 0
WARNING: [Synth 8-3917] design MIPS_CPU_TOP__GCB1 has port Device_ena[30] driven by constant 0
WARNING: [Synth 8-3917] design MIPS_CPU_TOP__GCB1 has port Device_ena[29] driven by constant 0
WARNING: [Synth 8-3917] design MIPS_CPU_TOP__GCB1 has port Device_ena[28] driven by constant 0
WARNING: [Synth 8-3917] design MIPS_CPU_TOP__GCB1 has port Device_ena[27] driven by constant 0
WARNING: [Synth 8-3917] design MIPS_CPU_TOP__GCB1 has port Device_ena[26] driven by constant 0
WARNING: [Synth 8-3917] design MIPS_CPU_TOP__GCB1 has port Device_ena[25] driven by constant 0
WARNING: [Synth 8-3917] design MIPS_CPU_TOP__GCB1 has port Device_ena[24] driven by constant 0
WARNING: [Synth 8-3917] design MIPS_CPU_TOP__GCB1 has port Device_ena[23] driven by constant 0
WARNING: [Synth 8-3917] design MIPS_CPU_TOP__GCB1 has port Device_ena[22] driven by constant 0
WARNING: [Synth 8-3917] design MIPS_CPU_TOP__GCB1 has port Device_ena[21] driven by constant 0
WARNING: [Synth 8-3917] design MIPS_CPU_TOP__GCB1 has port Device_ena[20] driven by constant 0
WARNING: [Synth 8-3917] design MIPS_CPU_TOP__GCB1 has port Device_ena[19] driven by constant 0
WARNING: [Synth 8-3917] design MIPS_CPU_TOP__GCB1 has port Device_ena[18] driven by constant 0
WARNING: [Synth 8-3917] design MIPS_CPU_TOP__GCB1 has port Device_ena[17] driven by constant 0
WARNING: [Synth 8-3917] design MIPS_CPU_TOP__GCB1 has port Device_ena[16] driven by constant 0
WARNING: [Synth 8-3917] design MIPS_CPU_TOP__GCB1 has port Device_ena[15] driven by constant 0
WARNING: [Synth 8-3917] design MIPS_CPU_TOP__GCB1 has port Device_ena[14] driven by constant 0
WARNING: [Synth 8-3917] design MIPS_CPU_TOP__GCB1 has port Device_ena[13] driven by constant 0
WARNING: [Synth 8-3917] design MIPS_CPU_TOP__GCB1 has port Device_ena[12] driven by constant 0
WARNING: [Synth 8-3917] design MIPS_CPU_TOP__GCB1 has port Device_ena[11] driven by constant 0
WARNING: [Synth 8-3917] design MIPS_CPU_TOP__GCB1 has port Device_ena[10] driven by constant 0
WARNING: [Synth 8-3917] design MIPS_CPU_TOP__GCB1 has port Device_ena[9] driven by constant 0
WARNING: [Synth 8-3917] design MIPS_CPU_TOP__GCB1 has port Device_ena[8] driven by constant 0
WARNING: [Synth 8-3917] design MIPS_CPU_TOP__GCB1 has port Device_ena[7] driven by constant 0
WARNING: [Synth 8-3917] design MIPS_CPU_TOP__GCB1 has port Device_ena[6] driven by constant 0
WARNING: [Synth 8-3917] design MIPS_CPU_TOP__GCB1 has port Device_ena[5] driven by constant 0
WARNING: [Synth 8-3917] design MIPS_CPU_TOP__GCB1 has port Device_ena[4] driven by constant 0
WARNING: [Synth 8-3917] design MIPS_CPU_TOP__GCB1 has port Device_ena[3] driven by constant 0
WARNING: [Synth 8-3917] design MIPS_CPU_TOP__GCB1 has port Device_ena[2] driven by constant 0
WARNING: [Synth 8-3917] design MIPS_CPU_TOP__GCB1 has port Device_ena[1] driven by constant 0
WARNING: [Synth 8-3917] design MIPS_CPU_TOP__GCB1 has port Device_drive_type[5] driven by constant 0
WARNING: [Synth 8-3917] design MIPS_CPU_TOP__GCB1 has port Device_drive_type[4] driven by constant 0
WARNING: [Synth 8-3917] design MIPS_CPU_TOP__GCB1 has port Device_drive_type[3] driven by constant 0
WARNING: [Synth 8-3917] design MIPS_CPU_TOP__GCB1 has port Device_drive_type[2] driven by constant 0
WARNING: [Synth 8-3917] design MIPS_CPU_TOP__GCB1 has port Device_drive_type[1] driven by constant 0
WARNING: [Synth 8-7129] Port alu_flag[7] in module writeback_data_selection is either unconnected or has no load
WARNING: [Synth 8-7129] Port alu_flag[6] in module writeback_data_selection is either unconnected or has no load
WARNING: [Synth 8-7129] Port alu_flag[5] in module writeback_data_selection is either unconnected or has no load
WARNING: [Synth 8-7129] Port alu_flag[4] in module writeback_data_selection is either unconnected or has no load
WARNING: [Synth 8-7129] Port alu_flag[3] in module writeback_data_selection is either unconnected or has no load
WARNING: [Synth 8-7129] Port alu_flag[1] in module writeback_data_selection is either unconnected or has no load
WARNING: [Synth 8-7129] Port alu_flag[0] in module writeback_data_selection is either unconnected or has no load
WARNING: [Synth 8-7129] Port rt[4] in module ALU_module is either unconnected or has no load
WARNING: [Synth 8-7129] Port rt[3] in module ALU_module is either unconnected or has no load
WARNING: [Synth 8-7129] Port rt[2] in module ALU_module is either unconnected or has no load
WARNING: [Synth 8-7129] Port rt[1] in module ALU_module is either unconnected or has no load
WARNING: [Synth 8-7129] Port instr_index[25] in module Immediate_dealing is either unconnected or has no load
WARNING: [Synth 8-7129] Port instr_index[24] in module Immediate_dealing is either unconnected or has no load
WARNING: [Synth 8-7129] Port instr_index[31] in module Instruction_fetch is either unconnected or has no load
WARNING: [Synth 8-7129] Port instr_index[30] in module Instruction_fetch is either unconnected or has no load
WARNING: [Synth 8-7129] Port instr_index[29] in module Instruction_fetch is either unconnected or has no load
WARNING: [Synth 8-7129] Port instr_index[28] in module Instruction_fetch is either unconnected or has no load
INFO: [Synth 8-3886] merging instance 'RF/Register_Pile_reg[0][0]' (FDE_1) to 'RF/Register_Pile_reg[0][31]'
INFO: [Synth 8-3886] merging instance 'RF/Register_Pile_reg[0][1]' (FDE_1) to 'RF/Register_Pile_reg[0][31]'
INFO: [Synth 8-3886] merging instance 'RF/Register_Pile_reg[0][2]' (FDE_1) to 'RF/Register_Pile_reg[0][31]'
INFO: [Synth 8-3886] merging instance 'RF/Register_Pile_reg[0][3]' (FDE_1) to 'RF/Register_Pile_reg[0][31]'
INFO: [Synth 8-3886] merging instance 'RF/Register_Pile_reg[0][4]' (FDE_1) to 'RF/Register_Pile_reg[0][31]'
INFO: [Synth 8-3886] merging instance 'RF/Register_Pile_reg[0][5]' (FDE_1) to 'RF/Register_Pile_reg[0][31]'
INFO: [Synth 8-3886] merging instance 'RF/Register_Pile_reg[0][6]' (FDE_1) to 'RF/Register_Pile_reg[0][31]'
INFO: [Synth 8-3886] merging instance 'RF/Register_Pile_reg[0][7]' (FDE_1) to 'RF/Register_Pile_reg[0][31]'
INFO: [Synth 8-3886] merging instance 'RF/Register_Pile_reg[0][8]' (FDE_1) to 'RF/Register_Pile_reg[0][31]'
INFO: [Synth 8-3886] merging instance 'RF/Register_Pile_reg[0][9]' (FDE_1) to 'RF/Register_Pile_reg[0][31]'
INFO: [Synth 8-3886] merging instance 'RF/Register_Pile_reg[0][10]' (FDE_1) to 'RF/Register_Pile_reg[0][31]'
INFO: [Synth 8-3886] merging instance 'RF/Register_Pile_reg[0][11]' (FDE_1) to 'RF/Register_Pile_reg[0][31]'
INFO: [Synth 8-3886] merging instance 'RF/Register_Pile_reg[0][12]' (FDE_1) to 'RF/Register_Pile_reg[0][31]'
INFO: [Synth 8-3886] merging instance 'RF/Register_Pile_reg[0][13]' (FDE_1) to 'RF/Register_Pile_reg[0][31]'
INFO: [Synth 8-3886] merging instance 'RF/Register_Pile_reg[0][14]' (FDE_1) to 'RF/Register_Pile_reg[0][31]'
INFO: [Synth 8-3886] merging instance 'RF/Register_Pile_reg[0][15]' (FDE_1) to 'RF/Register_Pile_reg[0][31]'
INFO: [Synth 8-3886] merging instance 'RF/Register_Pile_reg[0][16]' (FDE_1) to 'RF/Register_Pile_reg[0][31]'
INFO: [Synth 8-3886] merging instance 'RF/Register_Pile_reg[0][17]' (FDE_1) to 'RF/Register_Pile_reg[0][31]'
INFO: [Synth 8-3886] merging instance 'RF/Register_Pile_reg[0][18]' (FDE_1) to 'RF/Register_Pile_reg[0][31]'
INFO: [Synth 8-3886] merging instance 'RF/Register_Pile_reg[0][19]' (FDE_1) to 'RF/Register_Pile_reg[0][31]'
INFO: [Synth 8-3886] merging instance 'RF/Register_Pile_reg[0][20]' (FDE_1) to 'RF/Register_Pile_reg[0][31]'
INFO: [Synth 8-3886] merging instance 'RF/Register_Pile_reg[0][21]' (FDE_1) to 'RF/Register_Pile_reg[0][31]'
INFO: [Synth 8-3886] merging instance 'RF/Register_Pile_reg[0][22]' (FDE_1) to 'RF/Register_Pile_reg[0][31]'
INFO: [Synth 8-3886] merging instance 'RF/Register_Pile_reg[0][23]' (FDE_1) to 'RF/Register_Pile_reg[0][31]'
INFO: [Synth 8-3886] merging instance 'RF/Register_Pile_reg[0][24]' (FDE_1) to 'RF/Register_Pile_reg[0][31]'
INFO: [Synth 8-3886] merging instance 'RF/Register_Pile_reg[0][25]' (FDE_1) to 'RF/Register_Pile_reg[0][31]'
INFO: [Synth 8-3886] merging instance 'RF/Register_Pile_reg[0][26]' (FDE_1) to 'RF/Register_Pile_reg[0][31]'
INFO: [Synth 8-3886] merging instance 'RF/Register_Pile_reg[0][27]' (FDE_1) to 'RF/Register_Pile_reg[0][31]'
INFO: [Synth 8-3886] merging instance 'RF/Register_Pile_reg[0][28]' (FDE_1) to 'RF/Register_Pile_reg[0][31]'
INFO: [Synth 8-3886] merging instance 'RF/Register_Pile_reg[0][29]' (FDE_1) to 'RF/Register_Pile_reg[0][31]'
INFO: [Synth 8-3886] merging instance 'RF/Register_Pile_reg[0][30]' (FDE_1) to 'RF/Register_Pile_reg[0][31]'
INFO: [Synth 8-3333] propagating constant 0 across sequential element (RF/\Register_Pile_reg[0][31] )
INFO: [Synth 8-3886] merging instance 'cp0/Reg_CP0_reg[4][1]' (FDC) to 'cp0/Reg_CP0_reg[4][31]'
INFO: [Synth 8-3886] merging instance 'cp0/Reg_CP0_reg[4][2]' (FDC) to 'cp0/Reg_CP0_reg[4][31]'
INFO: [Synth 8-3886] merging instance 'cp0/Reg_CP0_reg[4][3]' (FDC) to 'cp0/Reg_CP0_reg[4][31]'
INFO: [Synth 8-3886] merging instance 'cp0/Reg_CP0_reg[4][4]' (FDC) to 'cp0/Reg_CP0_reg[4][31]'
INFO: [Synth 8-3886] merging instance 'cp0/Reg_CP0_reg[4][5]' (FDC) to 'cp0/Reg_CP0_reg[4][31]'
INFO: [Synth 8-3886] merging instance 'cp0/Reg_CP0_reg[4][6]' (FDC) to 'cp0/Reg_CP0_reg[4][31]'
INFO: [Synth 8-3886] merging instance 'cp0/Reg_CP0_reg[4][7]' (FDC) to 'cp0/Reg_CP0_reg[4][31]'
INFO: [Synth 8-3886] merging instance 'cp0/Reg_CP0_reg[4][8]' (FDC) to 'cp0/Reg_CP0_reg[4][31]'
INFO: [Synth 8-3886] merging instance 'cp0/Reg_CP0_reg[4][9]' (FDC) to 'cp0/Reg_CP0_reg[4][31]'
INFO: [Synth 8-3886] merging instance 'cp0/Reg_CP0_reg[4][10]' (FDC) to 'cp0/Reg_CP0_reg[4][31]'
INFO: [Synth 8-3886] merging instance 'cp0/Reg_CP0_reg[4][11]' (FDC) to 'cp0/Reg_CP0_reg[4][31]'
INFO: [Synth 8-3886] merging instance 'cp0/Reg_CP0_reg[4][12]' (FDC) to 'cp0/Reg_CP0_reg[4][31]'
INFO: [Synth 8-3886] merging instance 'cp0/Reg_CP0_reg[4][13]' (FDC) to 'cp0/Reg_CP0_reg[4][31]'
INFO: [Synth 8-3886] merging instance 'cp0/Reg_CP0_reg[4][14]' (FDC) to 'cp0/Reg_CP0_reg[4][31]'
INFO: [Synth 8-3886] merging instance 'cp0/Reg_CP0_reg[4][15]' (FDC) to 'cp0/Reg_CP0_reg[4][31]'
INFO: [Synth 8-3886] merging instance 'cp0/Reg_CP0_reg[4][16]' (FDC) to 'cp0/Reg_CP0_reg[4][31]'
INFO: [Synth 8-3886] merging instance 'cp0/Reg_CP0_reg[4][17]' (FDC) to 'cp0/Reg_CP0_reg[4][31]'
INFO: [Synth 8-3886] merging instance 'cp0/Reg_CP0_reg[4][18]' (FDC) to 'cp0/Reg_CP0_reg[4][31]'
INFO: [Synth 8-3886] merging instance 'cp0/Reg_CP0_reg[4][19]' (FDC) to 'cp0/Reg_CP0_reg[4][31]'
INFO: [Synth 8-3886] merging instance 'cp0/Reg_CP0_reg[4][20]' (FDC) to 'cp0/Reg_CP0_reg[4][31]'
INFO: [Synth 8-3886] merging instance 'cp0/Reg_CP0_reg[4][21]' (FDC) to 'cp0/Reg_CP0_reg[4][31]'
INFO: [Synth 8-3886] merging instance 'cp0/Reg_CP0_reg[4][22]' (FDC) to 'cp0/Reg_CP0_reg[4][31]'
INFO: [Synth 8-3886] merging instance 'cp0/Reg_CP0_reg[4][23]' (FDC) to 'cp0/Reg_CP0_reg[4][31]'
INFO: [Synth 8-3886] merging instance 'cp0/Reg_CP0_reg[4][24]' (FDC) to 'cp0/Reg_CP0_reg[4][31]'
INFO: [Synth 8-3886] merging instance 'cp0/Reg_CP0_reg[4][25]' (FDC) to 'cp0/Reg_CP0_reg[4][31]'
INFO: [Synth 8-3886] merging instance 'cp0/Reg_CP0_reg[4][26]' (FDC) to 'cp0/Reg_CP0_reg[4][31]'
INFO: [Synth 8-3886] merging instance 'cp0/Reg_CP0_reg[4][27]' (FDC) to 'cp0/Reg_CP0_reg[4][31]'
INFO: [Synth 8-3886] merging instance 'cp0/Reg_CP0_reg[4][28]' (FDC) to 'cp0/Reg_CP0_reg[4][31]'
INFO: [Synth 8-3886] merging instance 'cp0/Reg_CP0_reg[4][29]' (FDC) to 'cp0/Reg_CP0_reg[4][31]'
INFO: [Synth 8-3886] merging instance 'cp0/Reg_CP0_reg[4][30]' (FDC) to 'cp0/Reg_CP0_reg[4][31]'
INFO: [Synth 8-3333] propagating constant 0 across sequential element (\cp0/Reg_CP0_reg[4][31] )
INFO: [Synth 8-3886] merging instance 'idexe/Imm_inter_reg[30]' (FDCE) to 'idexe/Imm_inter_reg[31]'
INFO: [Synth 8-3886] merging instance 'idexe/Imm_inter_reg[26]' (FDCE) to 'idexe/Imm_inter_reg[27]'
INFO: [Synth 8-3886] merging instance 'idexe/Imm_inter_reg[28]' (FDCE) to 'idexe/Imm_inter_reg[27]'
INFO: [Synth 8-3886] merging instance 'idexe/Imm_inter_reg[29]' (FDCE) to 'idexe/Imm_inter_reg[27]'
INFO: [Synth 8-3886] merging instance 'cp0/EI_entry_reg[2][0]' (FD) to 'cp0/EI_entry_reg[1][31]'
INFO: [Synth 8-3886] merging instance 'cp0/EI_entry_reg[1][0]' (FD) to 'cp0/EI_entry_reg[1][31]'
INFO: [Synth 8-3886] merging instance 'cp0/EI_entry_reg[2][1]' (FD) to 'cp0/EI_entry_reg[1][31]'
INFO: [Synth 8-3886] merging instance 'cp0/EI_entry_reg[1][1]' (FD) to 'cp0/EI_entry_reg[1][31]'
INFO: [Synth 8-3886] merging instance 'cp0/EI_entry_reg[2][2]' (FD) to 'cp0/EI_entry_reg[1][31]'
INFO: [Synth 8-3886] merging instance 'cp0/EI_entry_reg[1][2]' (FD) to 'cp0/EI_entry_reg[1][31]'
INFO: [Synth 8-3886] merging instance 'cp0/EI_entry_reg[2][3]' (FD) to 'cp0/EI_entry_reg[1][31]'
INFO: [Synth 8-3886] merging instance 'cp0/EI_entry_reg[1][3]' (FD) to 'cp0/EI_entry_reg[1][31]'
INFO: [Synth 8-3886] merging instance 'cp0/EI_entry_reg[2][4]' (FD) to 'cp0/EI_entry_reg[1][11]'
INFO: [Synth 8-3886] merging instance 'cp0/EI_entry_reg[1][4]' (FD) to 'cp0/EI_entry_reg[1][31]'
INFO: [Synth 8-3886] merging instance 'cp0/EI_entry_reg[2][5]' (FD) to 'cp0/EI_entry_reg[1][31]'
INFO: [Synth 8-3886] merging instance 'cp0/EI_entry_reg[1][5]' (FD) to 'cp0/EI_entry_reg[1][11]'
INFO: [Synth 8-3886] merging instance 'cp0/EI_entry_reg[2][6]' (FD) to 'cp0/EI_entry_reg[1][11]'
INFO: [Synth 8-3886] merging instance 'cp0/EI_entry_reg[1][6]' (FD) to 'cp0/EI_entry_reg[1][31]'
INFO: [Synth 8-3886] merging instance 'cp0/EI_entry_reg[2][7]' (FD) to 'cp0/EI_entry_reg[1][11]'
INFO: [Synth 8-3886] merging instance 'cp0/EI_entry_reg[1][7]' (FD) to 'cp0/EI_entry_reg[1][11]'
INFO: [Synth 8-3886] merging instance 'cp0/EI_entry_reg[2][8]' (FD) to 'cp0/EI_entry_reg[1][11]'
INFO: [Synth 8-3886] merging instance 'cp0/EI_entry_reg[1][8]' (FD) to 'cp0/EI_entry_reg[1][11]'
INFO: [Synth 8-3886] merging instance 'cp0/EI_entry_reg[2][9]' (FD) to 'cp0/EI_entry_reg[1][11]'
INFO: [Synth 8-3886] merging instance 'cp0/EI_entry_reg[1][9]' (FD) to 'cp0/EI_entry_reg[1][11]'
INFO: [Synth 8-3886] merging instance 'cp0/EI_entry_reg[2][10]' (FD) to 'cp0/EI_entry_reg[1][11]'
INFO: [Synth 8-3886] merging instance 'cp0/EI_entry_reg[1][10]' (FD) to 'cp0/EI_entry_reg[1][11]'
INFO: [Synth 8-3886] merging instance 'cp0/EI_entry_reg[2][11]' (FD) to 'cp0/EI_entry_reg[1][31]'
INFO: [Synth 8-3333] propagating constant 1 across sequential element (\cp0/EI_entry_reg[1][11] )
INFO: [Synth 8-3886] merging instance 'cp0/EI_entry_reg[2][12]' (FD) to 'cp0/EI_entry_reg[1][31]'
INFO: [Synth 8-3886] merging instance 'cp0/EI_entry_reg[1][12]' (FD) to 'cp0/EI_entry_reg[1][31]'
INFO: [Synth 8-3886] merging instance 'cp0/EI_entry_reg[2][13]' (FD) to 'cp0/EI_entry_reg[1][31]'
INFO: [Synth 8-3886] merging instance 'cp0/EI_entry_reg[1][13]' (FD) to 'cp0/EI_entry_reg[1][31]'
INFO: [Synth 8-3886] merging instance 'cp0/EI_entry_reg[2][14]' (FD) to 'cp0/EI_entry_reg[1][31]'
INFO: [Synth 8-3886] merging instance 'cp0/EI_entry_reg[1][14]' (FD) to 'cp0/EI_entry_reg[1][31]'
INFO: [Synth 8-3886] merging instance 'cp0/EI_entry_reg[2][15]' (FD) to 'cp0/EI_entry_reg[1][31]'
INFO: [Synth 8-3886] merging instance 'cp0/EI_entry_reg[1][15]' (FD) to 'cp0/EI_entry_reg[1][31]'
INFO: [Synth 8-3886] merging instance 'cp0/EI_entry_reg[2][16]' (FD) to 'cp0/EI_entry_reg[1][31]'
INFO: [Synth 8-3886] merging instance 'cp0/EI_entry_reg[1][16]' (FD) to 'cp0/EI_entry_reg[1][31]'
INFO: [Synth 8-3886] merging instance 'cp0/EI_entry_reg[2][17]' (FD) to 'cp0/EI_entry_reg[1][31]'
INFO: [Synth 8-3886] merging instance 'cp0/EI_entry_reg[1][17]' (FD) to 'cp0/EI_entry_reg[1][31]'
INFO: [Common 17-14] Message 'Synth 8-3886' appears 100 times and further instances of the messages will be disabled. Use the Tcl command set_msg_config to change the current settings.
INFO: [Synth 8-3333] propagating constant 0 across sequential element (\cp0/EI_entry_reg[1][31] )
INFO: [Synth 8-3333] propagating constant 0 across sequential element (\cp0/Reg_CP0_reg[12][7] )
